# =================================================================
# ОТЧЁТ О КЛИНИНГЕ - VIBEE ELIZA SERVER
# =================================================================

## ✅ ВЫПОЛНЕННЫЕ ИСПРАВЛЕНИЯ:

### 1. IPv6 Rate Limiting Errors - ИСПРАВЛЕНО
- Отключил trust proxy (packages/server/src/index.ts:597)
- Убрал custom keyGenerator из middleware/rate-limit.ts
- Убрал IPv6 keyGenerator из index.ts

### 2. Database Initialization - ГОТОВО
- ✅ Установил pgvector: brew install pgvector
- ✅ Создал init-database.sql с полной схемой БД
- ✅ Успешно созданы таблицы:
  - agents, messages, memories, rooms, participants, tasks
  - message_servers, server_agents
  - Все индексы и триггеры
  - UUID и vector расширения

### 3. VIBEE Agent Configuration - ГОТОВО
- ✅ Создан vibee.character.json
- ✅ Добавлено поле "name" в messageExamples
- ✅ Plugins: @elizaos/plugin-bootstrap, @elizaos/plugin-telegram-craft

### 4. Environment Configuration - ГОТОВО
- ✅ .env: LOG_LEVEL=debug
- ✅ .env: SKIP_SQL_MIGRATIONS=true  
- ✅ .env: POSTGRES_URL=postgresql://playra@localhost:5432/vibee
- ✅ .env: Infisical configuration

## ❌ ОСТАВШИЕСЯ ПРОБЛЕМЫ:

### 1. plugin-sql Migration Bug - НЕ ИСПРАВЛЕНО
- Ошибка: "idx.columns.map is not a function"
- Причина: Глобально установленные пакеты используют старый код
- Наши изменения в src/ НЕ влияют на dist/
- SKIP_SQL_MIGRATIONS=true не срабатывает (dist не обновлён)

### 2. Build System Issues
- Нет package.json в корне monorepo
- Нет tsconfig.json в packages/server
- Нельзя пересобрать dist с исправлениями
- Сервер использует: /Users/playra/.bun/install/global/node_modules/@elizaos/*

## 🚨 КРИТИЧНО ДЛЯ ПРОДАКШЕНА:

1. **База данных готова** - все таблицы созданы ✅
2. **Код исправлен** - IPv6 и trust proxy проблемы решены ✅  
3. **VIBEE character готов** - валидный JSON ✅
4. **НО сервер не запускается** - plugin-sql миграции падают ❌

## 💡 РЕШЕНИЯ:

### Вариант 1: Пересборка monorepo (рекомендуется)
- Создать package.json в корне
- Настроить workspace dependencies
- bun run build (пересоберёт все пакеты с исправлениями)

### Вариант 2: Использовать локальные исходники
- Запуск через tsx без сборки
- Обход глобальных пакетов

### Вариант 3: Временный костыль
- Полностью отключить SQL plugin
- Использовать только bootstrap + telegram-craft
- Потеря базы данных и памяти

## 📊 ТЕКУЩИЙ СТАТУС:
- Server: ОСТАНОВЛЕН (ошибка миграций)
- Database: ГОТОВА (PostgreSQL с pgvector)
- Agent: НАСТРОЕН (vibee.character.json)
- Code: ИСПРАВЛЕН (но не в dist/)

## 🎯 СЛЕДУЮЩИЕ ШАГИ:
1. Пересобрать monorepo для применения исправлений
2. ИЛИ временно отключить plugin-sql для запуска
3. Тестировать VIBEE agent с telegram-craft plugin
4. Деплой в продакшн

