$ tsc -b && vite build
vite v7.2.4 building client environment for production...
transforming...
✓ 6300 modules transformed.
rendering chunks...
dist/index.html                                           0.66 kB
dist/assets/KaTeX_Size3-Regular-CTq5MqoE.woff             4.42 kB
dist/assets/KaTeX_Size4-Regular-Dl5lxZxV.woff2            4.93 kB
dist/assets/KaTeX_Size2-Regular-Dy4dx90m.woff2            5.21 kB
dist/assets/KaTeX_Size1-Regular-mCD8mA8B.woff2            5.47 kB
dist/assets/KaTeX_Size4-Regular-BF-4gkZK.woff             5.98 kB
dist/assets/KaTeX_Size2-Regular-oD1tc_U0.woff             6.19 kB
dist/assets/KaTeX_Size1-Regular-C195tn64.woff             6.50 kB
dist/assets/KaTeX_Caligraphic-Regular-Di6jR-x-.woff2      6.91 kB
dist/assets/KaTeX_Caligraphic-Bold-Dq_IR9rO.woff2         6.91 kB
dist/assets/KaTeX_Size3-Regular-DgpXs0kz.ttf              7.59 kB
dist/assets/KaTeX_Caligraphic-Regular-CTRA-rTL.woff       7.66 kB
dist/assets/KaTeX_Caligraphic-Bold-BEiXGLvX.woff          7.72 kB
dist/assets/KaTeX_Script-Regular-D3wIWfF6.woff2           9.64 kB
dist/assets/KaTeX_SansSerif-Regular-DDBCnlJ7.woff2       10.34 kB
dist/assets/KaTeX_Size4-Regular-DWFBv043.ttf             10.36 kB
dist/assets/KaTeX_Script-Regular-D5yQViql.woff           10.59 kB
dist/assets/KaTeX_Fraktur-Regular-CTYiF6lA.woff2         11.32 kB
dist/assets/KaTeX_Fraktur-Bold-CL6g_b3V.woff2            11.35 kB
dist/assets/KaTeX_Size2-Regular-B7gKUWhC.ttf             11.51 kB
dist/assets/KaTeX_SansSerif-Italic-C3H0VqGB.woff2        12.03 kB
dist/assets/KaTeX_SansSerif-Bold-D1sUS0GD.woff2          12.22 kB
dist/assets/KaTeX_Size1-Regular-Dbsnue_I.ttf             12.23 kB
dist/assets/KaTeX_SansSerif-Regular-CS6fqUqJ.woff        12.32 kB
dist/assets/KaTeX_Caligraphic-Regular-wX97UBjC.ttf       12.34 kB
dist/assets/KaTeX_Caligraphic-Bold-ATXxdsX0.ttf          12.37 kB
dist/assets/KaTeX_Fraktur-Regular-Dxdc4cR9.woff          13.21 kB
dist/assets/KaTeX_Fraktur-Bold-BsDP51OF.woff             13.30 kB
dist/assets/KaTeX_Typewriter-Regular-CO6r4hn1.woff2      13.57 kB
dist/assets/KaTeX_SansSerif-Italic-DN2j7dab.woff         14.11 kB
dist/assets/KaTeX_SansSerif-Bold-DbIhKOiC.woff           14.41 kB
dist/assets/KaTeX_Typewriter-Regular-C0xS9mPB.woff       16.03 kB
dist/assets/KaTeX_Math-BoldItalic-CZnvNsCZ.woff2         16.40 kB
dist/assets/KaTeX_Math-Italic-t53AETM-.woff2             16.44 kB
dist/assets/KaTeX_Script-Regular-C5JkGWo-.ttf            16.65 kB
dist/assets/KaTeX_Main-BoldItalic-DxDJ3AOS.woff2         16.78 kB
dist/assets/KaTeX_Main-Italic-NWA7e6Wa.woff2             16.99 kB
dist/assets/KaTeX_Math-BoldItalic-iY-2wyZ7.woff          18.67 kB
dist/assets/KaTeX_Math-Italic-DA0__PXp.woff              18.75 kB
dist/assets/KaTeX_Main-BoldItalic-SpSLRI95.woff          19.41 kB
dist/assets/KaTeX_SansSerif-Regular-BNo7hRIc.ttf         19.44 kB
dist/assets/KaTeX_Fraktur-Regular-CB_wures.ttf           19.57 kB
dist/assets/KaTeX_Fraktur-Bold-BdnERNNW.ttf              19.58 kB
dist/assets/KaTeX_Main-Italic-BMLOBm91.woff              19.68 kB
dist/assets/KaTeX_SansSerif-Italic-YYjJ1zSn.ttf          22.36 kB
dist/assets/KaTeX_SansSerif-Bold-CFMepnvq.ttf            24.50 kB
dist/assets/KaTeX_Main-Bold-Cx986IdX.woff2               25.32 kB
dist/assets/KaTeX_Main-Regular-B22Nviop.woff2            26.27 kB
dist/assets/KaTeX_Typewriter-Regular-D3Ib7_Hf.ttf        27.56 kB
dist/assets/KaTeX_AMS-Regular-BQhdFMY1.woff2             28.08 kB
dist/assets/KaTeX_Main-Bold-Jm3AIy58.woff                29.91 kB
dist/assets/KaTeX_Main-Regular-Dr94JaBh.woff             30.77 kB
dist/assets/KaTeX_Math-BoldItalic-B3XSjfu4.ttf           31.20 kB
dist/assets/KaTeX_Math-Italic-flOr_0UB.ttf               31.31 kB
dist/assets/KaTeX_Main-BoldItalic-DzxPMmG6.ttf           32.97 kB
dist/assets/KaTeX_AMS-Regular-DMm9YOAa.woff              33.52 kB
dist/assets/KaTeX_Main-Italic-3WenGoN9.ttf               33.58 kB
dist/assets/KaTeX_Main-Bold-waoOVXN0.ttf                 51.34 kB
dist/assets/KaTeX_Main-Regular-ypZvNtVU.ttf              53.58 kB
dist/assets/KaTeX_AMS-Regular-DRggAlZN.ttf               63.63 kB
dist/assets/katex-XSfRedCB.css                           29.21 kB
dist/assets/main-CjPpBizk.css                           145.49 kB
dist/assets/clone-WCuJOSH_.js                             0.23 kB │ map:     1.42 kB
dist/assets/channel-B3nR2xxH.js                           0.25 kB │ map:     0.56 kB
dist/assets/init-GRbUuopv.js                              0.28 kB │ map:     1.07 kB
dist/assets/chunk-55IACEB6-CV6NodjG.js                    0.29 kB │ map:     1.08 kB
dist/assets/chunk-QZHKN3VN-Db_bQR04.js                    0.36 kB │ map:     0.86 kB
dist/assets/chunk-4BX2VUAB-qONXbVpz.js                    0.38 kB │ map:     0.88 kB
dist/assets/ui-vendor-B7JxFfFk.js                         0.38 kB │ map:     2.57 kB
dist/assets/chunk-FMBD7UC4-CHBm-pjk.js                    0.42 kB │ map:     0.81 kB
dist/assets/stateDiagram-v2-4FDKWEC3-CesAVtKC.js          0.55 kB │ map:     1.53 kB
dist/assets/chunk-QN33PNHL-D53xRxwU.js                    0.56 kB │ map:     2.30 kB
dist/assets/classDiagram-2ON5EDUG-BRCzYxt2.js             0.58 kB │ map:     1.54 kB
dist/assets/classDiagram-v2-WZHVMYZB-BRCzYxt2.js          0.59 kB │ map:     1.55 kB
dist/assets/codeowners-Bp6g37R7.js                        0.60 kB │ map:     1.08 kB
dist/assets/shellsession-BADoaaVG.js                      0.76 kB │ map:     1.31 kB
dist/assets/tsv-B_m7g4N7.js                               0.78 kB │ map:     1.36 kB
dist/assets/infoDiagram-ER5ION4S-B3lox8P6.js              0.84 kB │ map:     2.38 kB
dist/assets/html-derivative-BFtXZ54Q.js                   0.95 kB │ map:     1.41 kB
dist/assets/git-rebase-r7XF79zn.js                        1.03 kB │ map:     1.66 kB
dist/assets/qmldir-C8lEn-DE.js                            1.05 kB │ map:     1.72 kB
dist/assets/fortran-fixed-form-BZjJHVRy.js                1.16 kB │ map:     1.93 kB
dist/assets/csv-fuZLfV_i.js                               1.18 kB │ map:     1.98 kB
dist/assets/git-commit-F4YmCXRG.js                        1.28 kB │ map:     2.01 kB
dist/assets/xsl-CtQFsRM5.js                               1.43 kB │ map:     2.16 kB
dist/assets/ordinal-BCXkz34N.js                           1.44 kB │ map:     5.23 kB
dist/assets/dotenv-Da5cRb03.js                            1.47 kB │ map:     2.32 kB
dist/assets/chunk-TZMSLE5B-B5l61gSt.js                    1.49 kB │ map:     5.84 kB
dist/assets/sparql-rVzFXLq3.js                            1.52 kB │ map:     2.09 kB
dist/assets/ini-BEwlwnbL.js                               1.57 kB │ map:     2.46 kB
dist/assets/docker-BcOcwvcX.js                            1.79 kB │ map:     2.63 kB
dist/assets/hxml-Bvhsp5Yf.js                              1.79 kB │ map:     2.45 kB
dist/assets/desktop-BmXAJ9_W.js                           1.88 kB │ map:     2.75 kB
dist/assets/wenyan-BV7otONQ.js                            2.20 kB │ map:     3.17 kB
dist/assets/jssm-C2t-YnRu.js                              2.28 kB │ map:     3.38 kB
dist/assets/reg-C-SQnVFl.js                               2.39 kB │ map:     3.50 kB
dist/assets/edge-BkV0erSs.js                              2.41 kB │ map:     3.53 kB
dist/assets/berry-D08WgyRC.js                             2.41 kB │ map:     3.81 kB
dist/assets/diff-D97Zzqfu.js                              2.61 kB │ map:     3.85 kB
dist/assets/gleam-BspZqrRM.js                             2.62 kB │ map:     3.98 kB
dist/assets/erb-BOJIQeun.js                               2.65 kB │ map:     3.27 kB
dist/assets/hy-DFXneXwc.js                                2.69 kB │ map:     3.67 kB
dist/assets/json-Cp-IABpG.js                              2.87 kB │ map:     4.31 kB
dist/assets/log-2UxHyX5q.js                               2.89 kB │ map:     4.34 kB
dist/assets/cairo-KRGpt6FW.js                             2.98 kB │ map:     4.51 kB
dist/assets/_basePickBy-DBgqbEyA.js                       3.02 kB │ map:    25.86 kB
dist/assets/jsonl-DcaNXYhu.js                             3.05 kB │ map:     4.50 kB
dist/assets/jsonc-Des-eS-w.js                             3.15 kB │ map:     4.59 kB
dist/assets/logo-BtOb2qkB.js                              3.17 kB │ map:     3.80 kB
dist/assets/po-BTJTHyun.js                                3.28 kB │ map:     5.07 kB
dist/assets/json5-C9tS-k6U.js                             3.30 kB │ map:     4.94 kB
dist/assets/mipsasm-CKIfxQSi.js                           3.30 kB │ map:     4.67 kB
dist/assets/tasl-QIJgUcNo.js                              3.33 kB │ map:     5.12 kB
dist/assets/genie-D0YGMca9.js                             3.40 kB │ map:     4.86 kB
dist/assets/rel-C3B-1QV4.js                               3.41 kB │ map:     4.86 kB
dist/assets/vala-CsfeWuGM.js                              3.41 kB │ map:     4.88 kB
dist/assets/splunk-BtCnVYZw.js                            3.48 kB │ map:     4.43 kB
dist/assets/fluent-C4IJs8-o.js                            3.65 kB │ map:     5.19 kB
dist/assets/jsonnet-DFQXde-d.js                           3.66 kB │ map:     5.41 kB
dist/assets/ssh-config-_ykCGR6B.js                        3.67 kB │ map:     4.48 kB
dist/assets/kdl-DV7GczEv.js                               3.67 kB │ map:     5.50 kB
dist/assets/glsl-DplSGwfg.js                              3.68 kB │ map:     4.36 kB
dist/assets/hurl-irOxFIW8.js                              3.69 kB │ map:     5.40 kB
dist/assets/narrat-DRg8JJMk.js                            3.72 kB │ map:     5.41 kB
dist/assets/arc-B4kH1uGV.js                               3.73 kB │ map:    17.14 kB
dist/assets/turtle-BsS91CYL.js                            3.74 kB │ map:     5.48 kB
dist/assets/zenscript-DVFEvuxE.js                         3.96 kB │ map:     5.74 kB
dist/assets/pascal-D93ZcfNL.js                            4.19 kB │ map:     5.52 kB
dist/assets/nextflow-CUEJCptM.js                          4.20 kB │ map:     6.25 kB
dist/assets/tcl-dwOrl1Do.js                               4.47 kB │ map:     6.47 kB
dist/assets/diagram-S2PKOQOG-BKHQ5Kct.js                  4.56 kB │ map:    13.64 kB
dist/assets/rosmsg-BJDFO7_C.js                            4.57 kB │ map:     6.74 kB
dist/assets/http-jrhK8wxY.js                              4.59 kB │ map:     6.67 kB
dist/assets/polar-C0HS_06l.js                             4.71 kB │ map:     7.24 kB
dist/assets/sdbl-DVxCFoDh.js                              4.74 kB │ map:     5.88 kB
dist/assets/fennel-BYunw83y.js                            4.81 kB │ map:     6.41 kB
dist/assets/bibtex-CHM0blh-.js                            4.84 kB │ map:     7.01 kB
dist/assets/defaultLocale-BAh5bDOb.js                     5.08 kB │ map:    22.13 kB
dist/assets/llvm-BtvRca6l.js                              5.08 kB │ map:     6.65 kB
dist/assets/wgsl-Dx-B1_4e.js                              5.19 kB │ map:     7.49 kB
dist/assets/gdresource-B7Tvp0Sc.js                        5.31 kB │ map:     7.69 kB
dist/assets/qml-3beO22l8.js                               5.38 kB │ map:     8.11 kB
dist/assets/zig-VOosw3JB.js                               5.38 kB │ map:     7.86 kB
dist/assets/dax-CEL-wOlO.js                               5.41 kB │ map:     6.75 kB
dist/assets/bicep-Bmn6On1c.js                             5.43 kB │ map:     7.90 kB
dist/assets/xml-sdJ4AIDG.js                               5.43 kB │ map:     7.83 kB
dist/assets/awk-DMzUqQB5.js                               5.50 kB │ map:     7.98 kB
dist/assets/pieDiagram-ADFJNKIX-UZQ1Zn2k.js               5.54 kB │ map:    18.73 kB
dist/assets/coq-DkFqJrB1.js                               5.57 kB │ map:     7.50 kB
dist/assets/jinja-4LBKfQ-Z.js                             5.73 kB │ map:     8.44 kB
dist/assets/lean-DP1Csr6i.js                              5.89 kB │ map:     7.97 kB
dist/assets/powerquery-CEu0bR-o.js                        5.95 kB │ map:     8.50 kB
dist/assets/shaderlab-Dg9Lc6iA.js                         5.97 kB │ map:     7.68 kB
dist/assets/verilog-BQ8w6xss.js                           5.98 kB │ map:     8.01 kB
dist/assets/cypher-COkxafJQ.js                            6.00 kB │ map:     8.43 kB
dist/assets/vb-D17OF-Vu.js                                6.13 kB │ map:     8.03 kB
dist/assets/diagram-QEK2KX5R-ClBo2xAS.js                  6.22 kB │ map:    20.82 kB
dist/assets/graph-CKDCKZqB.js                             6.22 kB │ map:    23.11 kB
dist/assets/red-bN70gL4F.js                               6.30 kB │ map:     8.85 kB
dist/assets/min-dark-CafNBF8u.js                          6.34 kB │ map:     8.60 kB
dist/assets/gdshader-DkwncUOv.js                          6.37 kB │ map:     9.18 kB
dist/assets/prisma-Dd19v3D-.js                            6.37 kB │ map:     9.26 kB
dist/assets/ara-BRHolxvo.js                               6.40 kB │ map:     9.24 kB
dist/assets/linear-C5PNzGms.js                            6.44 kB │ map:    28.08 kB
dist/assets/clojure-P80f7IUj.js                           6.46 kB │ map:     9.28 kB
dist/assets/postcss-CXtECtnM.js                           6.46 kB │ map:     9.10 kB
dist/assets/toml-vGWfd6FD.js                              6.47 kB │ map:     9.46 kB
dist/assets/solarized-light-L9t79GZl.js                   6.53 kB │ map:     9.21 kB
dist/assets/proto-DyJlTyXw.js                             6.56 kB │ map:     9.85 kB
dist/assets/smalltalk-BERRCDM3.js                         6.63 kB │ map:     9.24 kB
dist/assets/talonscript-CkByrt1z.js                       6.81 kB │ map:    10.07 kB
dist/assets/solarized-dark-DXbdFlpD.js                    6.90 kB │ map:     9.67 kB
dist/assets/riscv-BM1_JUlF.js                             6.96 kB │ map:     9.59 kB
dist/assets/min-light-CTRr51gU.js                         7.02 kB │ map:     9.52 kB
dist/assets/soy-Brmx7dQM.js                               7.02 kB │ map:    10.69 kB
dist/assets/scheme-C98Dy4si.js                            7.21 kB │ map:     9.78 kB
dist/assets/hlsl-D3lLCCz7.js                              7.31 kB │ map:     9.23 kB
dist/assets/qss-IeuSbFQv.js                               7.51 kB │ map:     9.39 kB
dist/assets/dart-CF10PKvl.js                              7.85 kB │ map:    11.51 kB
dist/assets/systemd-4A_iFExJ.js                           7.91 kB │ map:    10.63 kB
dist/assets/monokai-D4h5O-jR.js                           7.93 kB │ map:    11.08 kB
dist/assets/regexp-CDVJQ6XC.js                            8.03 kB │ map:    11.18 kB
dist/assets/haml-B8DHNrY2.js                              8.31 kB │ map:    12.35 kB
dist/assets/typst-DHCkPAjA.js                             8.43 kB │ map:    12.29 kB
dist/assets/plsql-ChMvpjG-.js                             8.56 kB │ map:    10.88 kB
dist/assets/vue-html-DAAvJJDi.js                          8.71 kB │ map:    12.03 kB
dist/assets/kotlin-BdnUsdx6.js                            8.83 kB │ map:    12.77 kB
dist/assets/ts-tags-zn1MmPIZ.js                           8.99 kB │ map:    14.26 kB
dist/assets/make-CHLpvVh8.js                              9.00 kB │ map:    12.85 kB
dist/assets/andromeeda-C-Jbm3Hp.js                        9.02 kB │ map:    11.88 kB
dist/assets/sas-cz2c8ADy.js                               9.10 kB │ map:    11.09 kB
dist/assets/dark-plus-eOWES_5F.js                         9.14 kB │ map:    12.40 kB
dist/assets/slack-dark-BthQWCQV.js                        9.17 kB │ map:    12.50 kB
dist/assets/sass-Cj5Yp3dK.js                              9.33 kB │ map:    13.40 kB
dist/assets/plastic-3e1v2bzS.js                           9.34 kB │ map:    12.47 kB
dist/assets/slack-ochin-DqwNpetd.js                       9.48 kB │ map:    13.09 kB
dist/assets/tex-Cppo0RY3.js                               9.69 kB │ map:    12.38 kB
dist/assets/jison-wvAkD_A8.js                             9.73 kB │ map:    14.08 kB
dist/assets/cmake-D1j8_8rp.js                             9.90 kB │ map:    11.26 kB
dist/assets/light-plus-B7mTdjB0.js                        9.99 kB │ map:    13.40 kB
dist/assets/hcl-BWvSN4gD.js                              10.09 kB │ map:    14.78 kB
dist/assets/pkl-u5AG7uiY.js                              10.41 kB │ map:    15.46 kB
dist/assets/beancount-k_qm7-4y.js                        10.42 kB │ map:    15.03 kB
dist/assets/raku-DXvB9xmW.js                             10.51 kB │ map:    12.90 kB
dist/assets/dream-maker-BtqSS_iP.js                      10.52 kB │ map:    15.11 kB
dist/assets/stateDiagram-FKZM4ZOC-bLGbjUta.js            10.54 kB │ map:    35.77 kB
dist/assets/yaml-Buea-lGh.js                             10.55 kB │ map:    14.89 kB
dist/assets/rst-B0xPkSld.js                              10.71 kB │ map:    15.55 kB
dist/assets/elm-DbKCFpqz.js                              11.01 kB │ map:    16.01 kB
dist/assets/github-light-DAi9KRSo.js                     11.23 kB │ map:    15.40 kB
dist/assets/dagre-6UL2VRFP-BKtkIEXw.js                   11.28 kB │ map:    41.73 kB
dist/assets/prolog-CbFg5uaA.js                           11.40 kB │ map:    13.29 kB
dist/assets/terraform-BETggiCN.js                        11.44 kB │ map:    16.21 kB
dist/assets/github-dark-DHJKELXO.js                      11.45 kB │ map:    15.67 kB
dist/assets/puppet-BMWR74SV.js                           11.48 kB │ map:    16.31 kB
dist/assets/laserwave-DUszq2jm.js                        11.55 kB │ map:    14.68 kB
dist/assets/gherkin-DyxjwDmM.js                          11.99 kB │ map:    13.11 kB
dist/assets/wasm-MzD3tlZU.js                             12.05 kB │ map:    16.83 kB
dist/assets/hjson-D5-asLiD.js                            12.10 kB │ map:    17.28 kB
dist/assets/handlebars-BL8al0AC.js                       12.20 kB │ map:    17.36 kB
dist/assets/apache-Pmp26Uib.js                           12.50 kB │ map:    15.94 kB
dist/assets/vesper-DU1UobuO.js                           12.74 kB │ map:    16.15 kB
dist/assets/bat-BkioyH1T.js                              12.93 kB │ map:    17.38 kB
dist/assets/fish-BvzEVeQv.js                             13.08 kB │ map:    16.85 kB
dist/assets/v-BcVCzyr7.js                                13.25 kB │ map:    19.25 kB
dist/assets/_baseUniq-DJt29m8l.js                        13.48 kB │ map:   104.96 kB
dist/assets/vitesse-light-CVO1_9PV.js                    13.67 kB │ map:    18.53 kB
dist/assets/aurora-x-D-2ljcwZ.js                         13.71 kB │ map:    17.55 kB
dist/assets/vitesse-black-Bkuqu6BP.js                    13.73 kB │ map:    18.62 kB
dist/assets/vitesse-dark-D0r3Knsf.js                     13.81 kB │ map:    18.70 kB
dist/assets/pug-CGlum2m_.js                              13.88 kB │ map:    20.49 kB
dist/assets/luau-CXu1NL6O.js                             13.88 kB │ map:    19.49 kB
dist/assets/synthwave-84-CbfX1IO0.js                     14.09 kB │ map:    19.08 kB
dist/assets/actionscript-3-CfeIJUat.js                   14.10 kB │ map:    19.83 kB
dist/assets/github-light-default-D7oLnXFd.js             14.21 kB │ map:    19.26 kB
dist/assets/clarity-D53aC0YG.js                          14.32 kB │ map:    19.94 kB
dist/assets/github-light-high-contrast-BfjtVDDH.js       14.34 kB │ map:    19.44 kB
dist/assets/github-dark-dimmed-DH5Ifo-i.js               14.49 kB │ map:    19.63 kB
dist/assets/github-dark-default-Cuk6v7N8.js              14.49 kB │ map:    19.64 kB
dist/assets/nix-BbRYJGeE.js                              14.61 kB │ map:    21.26 kB
dist/assets/github-dark-high-contrast-E3gJ1_iC.js        14.66 kB │ map:    19.87 kB
dist/assets/gnuplot-DdkO51Og.js                          14.83 kB │ map:    20.81 kB
dist/assets/ayu-dark-Cv9koXgw.js                         15.00 kB │ map:    20.25 kB
dist/assets/rust-B1yitclQ.js                             15.11 kB │ map:    21.45 kB
dist/assets/kusto-BvAqAH-y.js                            15.21 kB │ map:    19.60 kB
dist/assets/lua-BbnMAYS6.js                              15.25 kB │ map:    21.62 kB
dist/assets/abap-BdImnpbu.js                             15.89 kB │ map:    18.83 kB
dist/assets/matlab-D7o27uSR.js                           16.13 kB │ map:    23.36 kB
dist/assets/cue-D82EKSYY.js                              16.25 kB │ map:    23.78 kB
dist/assets/solidity-BbcW6ACK.js                         16.29 kB │ map:    23.67 kB
dist/assets/elixir-CDX3lj18.js                           16.37 kB │ map:    23.12 kB
dist/assets/diagram-PSM6KHXK-1N8UnGwx.js                 16.80 kB │ map:    60.99 kB
dist/assets/kanagawa-wave-DWedfzmr.js                    17.17 kB │ map:    22.26 kB
dist/assets/kanagawa-lotus-CfQXZHmo.js                   17.18 kB │ map:    22.26 kB
dist/assets/kanagawa-dragon-CkXjmgJE.js                  17.18 kB │ map:    22.27 kB
dist/assets/move-Bu9oaDYs.js                             17.37 kB │ map:    25.98 kB
dist/assets/svelte-3Dk4HxPD.js                           17.86 kB │ map:    25.11 kB
dist/assets/graphql-ChdNCCLP.js                          18.05 kB │ map:    25.44 kB
dist/assets/liquid-DYVedYrR.js                           18.13 kB │ map:    25.21 kB
dist/assets/material-theme-D5KoaKCx.js                   18.67 kB │ map:    24.10 kB
dist/assets/material-theme-ocean-CyktbL80.js             18.69 kB │ map:    24.14 kB
dist/assets/material-theme-darker-BfHTSMKl.js            18.69 kB │ map:    24.14 kB
dist/assets/material-theme-lighter-B0m2ddpp.js           18.69 kB │ map:    24.15 kB
dist/assets/material-theme-palenight-Csfq5Kiy.js         18.70 kB │ map:    24.16 kB
dist/assets/gdscript-DTMYz4Jt.js                         19.02 kB │ map:    26.22 kB
dist/assets/groovy-gcz8RCvz.js                           19.22 kB │ map:    27.51 kB
dist/assets/mdc-DUICxH0z.js                              19.68 kB │ map:    23.07 kB
dist/assets/glimmer-js-Rg0-pVw9.js                       20.12 kB │ map:    28.58 kB
dist/assets/glimmer-ts-U6CK756n.js                       20.12 kB │ map:    28.58 kB
dist/assets/powershell-Dpen1YoG.js                       20.20 kB │ map:    26.59 kB
dist/assets/viml-CJc9bBzg.js                             20.41 kB │ map:    23.49 kB
dist/assets/nushell-C-sUppwS.js                          20.45 kB │ map:    27.64 kB
dist/assets/kanban-definition-3W4ZIXB7-B3q-eWxn.js       20.67 kB │ map:    68.26 kB
dist/assets/snazzy-light-Bw305WKR.js                     20.82 kB │ map:    27.99 kB
dist/assets/vue-CCoi5OLL.js                              21.10 kB │ map:    31.51 kB
dist/assets/dracula-BzJJZx-M.js                          21.11 kB │ map:    27.47 kB
dist/assets/dracula-soft-BXkSAIEj.js                     21.13 kB │ map:    27.50 kB
dist/assets/twig-CO9l9SDP.js                             21.41 kB │ map:    29.20 kB
dist/assets/mindmap-definition-VGOIOE7T-Disra2ir.js      21.46 kB │ map:    71.76 kB
dist/assets/wit-5i3qLPDT.js                              21.51 kB │ map:    30.09 kB
dist/assets/rose-pine-BHrmToEH.js                        21.79 kB │ map:    28.75 kB
dist/assets/rose-pine-moon-NleAzG8P.js                   21.81 kB │ map:    28.77 kB
dist/assets/rose-pine-dawn-CnK8MTSM.js                   21.81 kB │ map:    28.78 kB
dist/assets/nim-CVrawwO9.js                              22.50 kB │ map:    32.73 kB
dist/assets/common-lisp-Cg-RD9OK.js                      22.63 kB │ map:    26.67 kB
dist/assets/gruvbox-dark-hard-CFHQjOhq.js                22.69 kB │ map:    30.55 kB
dist/assets/gruvbox-dark-soft-CVdnzihN.js                22.69 kB │ map:    30.55 kB
dist/assets/gruvbox-light-hard-CH1njM8p.js               22.69 kB │ map:    30.56 kB
dist/assets/gruvbox-light-soft-hJgmCMqR.js               22.69 kB │ map:    30.56 kB
dist/assets/gruvbox-dark-medium-GsRaNv29.js              22.69 kB │ map:    30.56 kB
dist/assets/gruvbox-light-medium-DRw_LuNl.js             22.70 kB │ map:    30.57 kB
dist/assets/sql-BLtJtn59.js                              23.45 kB │ map:    27.90 kB
dist/assets/typespec-Df68jz8_.js                         23.70 kB │ map:    33.05 kB
dist/assets/cadence-Bv_4Rxtq.js                          23.71 kB │ map:    33.57 kB
dist/assets/sankeyDiagram-TZEHDZUN-C9dFVAvw.js           23.84 kB │ map:    86.56 kB
dist/assets/astro-CbQHKStN.js                            24.05 kB │ map:    29.12 kB
dist/assets/apl-dKokRX4l.js                              24.08 kB │ map:    33.31 kB
dist/assets/templ-W15q3VgB.js                            24.11 kB │ map:    30.87 kB
dist/assets/journeyDiagram-XKPGCS4Q-CQmmBvz6.js          24.19 kB │ map:    80.90 kB
dist/assets/vhdl-CeAyd5Ju.js                             24.31 kB │ map:    33.37 kB
dist/assets/timeline-definition-IT6M3QCI-CBRC1gf1.js     24.33 kB │ map:    82.64 kB
dist/assets/angular-html-CU67Zn6k.js                     24.34 kB │ map:    35.38 kB
dist/assets/gitGraphDiagram-NY62KEGX-BCbp0jdq.js         24.45 kB │ map:   102.39 kB
dist/assets/purescript-CklMAg4u.js                       24.73 kB │ map:    34.88 kB
dist/assets/one-light-PoHY5YXO.js                        25.35 kB │ map:    33.77 kB
dist/assets/fsharp-CXgrBDvD.js                           25.35 kB │ map:    35.85 kB
dist/assets/marko-CPi9NSCl.js                            25.48 kB │ map:    35.84 kB
dist/assets/razor-WgofotgN.js                            25.60 kB │ map:    35.70 kB
dist/assets/erDiagram-Q2GNP2WA-BuUZr_F5.js               25.74 kB │ map:    85.89 kB
dist/assets/system-verilog-CnnmHF94.js                   26.26 kB │ map:    36.26 kB
dist/assets/nord-Ddv68eIx.js                             26.77 kB │ map:    35.32 kB
dist/assets/codeql-DsOJ9woJ.js                           26.93 kB │ map:    36.00 kB
dist/assets/scss-OYdSNvt2.js                             27.25 kB │ map:    38.31 kB
dist/assets/java-CylS5w8V.js                             27.26 kB │ map:    38.62 kB
dist/assets/coffee-Ch7k5sss.js                           27.47 kB │ map:    36.06 kB
dist/assets/mermaid-DKYwYmdq.js                          28.55 kB │ map:    42.57 kB
dist/assets/scala-C151Ov-r.js                            28.93 kB │ map:    40.10 kB
dist/assets/night-owl-C39BiMTA.js                        28.96 kB │ map:    39.02 kB
dist/assets/crystal-tKQVLTB8.js                          29.43 kB │ map:    41.15 kB
dist/assets/applescript-Co6uUVPk.js                      29.62 kB │ map:    39.33 kB
dist/assets/requirementDiagram-UZGBJVZJ-BdGErqsk.js      30.60 kB │ map:    96.92 kB
dist/assets/layout-CUxUGQnZ.js                           30.68 kB │ map:   164.88 kB
dist/assets/julia-C8NyazO9.js                            31.11 kB │ map:    40.52 kB
dist/assets/stylus-BEDo0Tqx.js                           31.12 kB │ map:    38.86 kB
dist/assets/main-xihm1dng.js                             32.44 kB │ map:   113.55 kB
dist/assets/poimandres-CS3Unz2-.js                       33.54 kB │ map:    43.03 kB
dist/assets/one-dark-pro-DVMEJ2y_.js                     33.84 kB │ map:    44.47 kB
dist/assets/bsl-BO_Y6i37.js                              33.91 kB │ map:    37.58 kB
dist/assets/quadrantDiagram-AYHSOK5B-TmrPNuWO.js         34.87 kB │ map:   111.24 kB
dist/assets/haxe-CzTSHFRz.js                             35.21 kB │ map:    49.50 kB
dist/assets/nginx-DknmC5AR.js                            35.42 kB │ map:    48.45 kB
dist/assets/houston-DnULxvSX.js                          35.47 kB │ map:    46.37 kB
dist/assets/tokyo-night-hegEt444.js                      35.71 kB │ map:    45.32 kB
dist/assets/chunk-DI55MBZ5-B6D_r5Br.js                   36.84 kB │ map:   122.04 kB
dist/assets/erlang-DsQrWhSR.js                           37.52 kB │ map:    51.53 kB
dist/assets/cobol-nwyudZeR.js                            39.19 kB │ map:    47.35 kB
dist/assets/asm-D_Q5rh1f.js                              40.76 kB │ map:    52.98 kB
dist/assets/shellscript-Yzrsuije.js                      41.53 kB │ map:    56.51 kB
dist/assets/haskell-Df6bDoY_.js                          41.54 kB │ map:    57.84 kB
dist/assets/xychartDiagram-PRI3JC2R-cLpCyez7.js          41.77 kB │ map:   134.18 kB
dist/assets/perl-C0TMdlhV.js                             43.20 kB │ map:    60.72 kB
dist/assets/d-85-TOEBH.js                                43.83 kB │ map:    62.67 kB
dist/assets/chunk-B4BG7PRW-kOuG09H1.js                   45.73 kB │ map:   140.44 kB
dist/assets/apex-DhZLUxFE.js                             45.94 kB │ map:    64.14 kB
dist/assets/ruby-BvKwtOVI.js                             45.95 kB │ map:    65.22 kB
dist/assets/go-Dn2_MT6a.js                               46.82 kB │ map:    66.53 kB
dist/assets/catppuccin-mocha-D87Tk5Gz.js                 47.31 kB │ map:    62.00 kB
dist/assets/catppuccin-latte-C9dUb6Cb.js                 47.31 kB │ map:    62.00 kB
dist/assets/catppuccin-frappe-DFWUc33u.js                47.31 kB │ map:    62.00 kB
dist/assets/catppuccin-macchiato-DQyhUUbL.js             47.32 kB │ map:    62.02 kB
dist/assets/ada-bCR0ucgS.js                              48.12 kB │ map:    70.94 kB
dist/assets/css-DPfMkruS.js                              49.06 kB │ map:    60.61 kB
dist/assets/imba-DGztddWO.js                             49.97 kB │ map:    68.07 kB
dist/assets/everforest-dark-BgDCqdQA.js                  53.80 kB │ map:    68.24 kB
dist/assets/everforest-light-C8M2exoo.js                 53.80 kB │ map:    68.25 kB
dist/assets/r-DiinP2Uv.js                                55.85 kB │ map:    68.19 kB
dist/assets/wikitext-BhOHFoWU.js                         55.93 kB │ map:    77.63 kB
dist/assets/stata-BH5u7GGu.js                            57.03 kB │ map:    74.15 kB
dist/assets/html-GMplVEZG.js                             57.29 kB │ map:    72.97 kB
dist/assets/ballerina-BFfxhgS-.js                        58.74 kB │ map:    81.52 kB
dist/assets/markdown-Cvjx9yec.js                         59.38 kB │ map:    82.32 kB
dist/assets/flowDiagram-NV44I4VS-CVQCnowZ.js             60.95 kB │ map:   190.12 kB
dist/assets/ocaml-C0hk2d4L.js                            62.49 kB │ map:    81.09 kB
dist/assets/ganttDiagram-LVOFAZNH-SVxf_rBy.js            66.51 kB │ map:   234.16 kB
dist/assets/mojo-1DNp92w6.js                             69.33 kB │ map:    94.21 kB
dist/assets/python-B6aJPvgy.js                           70.00 kB │ map:    95.22 kB
dist/assets/c4Diagram-YG6GDRKO-JrHG_IhS.js               70.76 kB │ map:   204.17 kB
dist/assets/c-BIGW1oBm.js                                72.15 kB │ map:    95.37 kB
dist/assets/latex-BUKiar2Z.js                            72.24 kB │ map:    99.89 kB
dist/assets/blockDiagram-VD42YOAC-Cchw9d_w.js            72.91 kB │ map:   247.78 kB
dist/assets/vyper-CDx5xZoG.js                            74.69 kB │ map:   100.69 kB
dist/assets/hack-CaT9iCJl.js                             80.28 kB │ map:    97.28 kB
dist/assets/cose-bilkent-S5V4N54A-DQbI-Ugx.js            83.94 kB │ map:   306.70 kB
dist/assets/csharp-CX12Zw3r.js                           85.66 kB │ map:   120.18 kB
dist/assets/swift-Dg5xB15N.js                            86.65 kB │ map:   114.39 kB
dist/assets/fortran-free-form-D22FLkUw.js                87.20 kB │ map:   121.52 kB
dist/assets/racket-BqYA7rlc.js                           92.43 kB │ map:   106.17 kB
dist/assets/less-B1dDrJ26.js                             97.68 kB │ map:   131.84 kB
dist/assets/sequenceDiagram-WL72ISMW-BJIAszBD.js         98.73 kB │ map:   294.70 kB
dist/assets/blade-DVc8C-J4.js                           103.85 kB │ map:   129.23 kB
dist/assets/objective-c-DXmwc3jG.js                     105.46 kB │ map:   129.64 kB
dist/assets/php-CDn_0X-4.js                             111.04 kB │ map:   139.26 kB
dist/assets/asciidoc-Dv7Oe6Be.js                        131.56 kB │ map:   189.08 kB
dist/assets/mdx-Cmh6b_Ma.js                             136.16 kB │ map:   176.71 kB
dist/assets/architectureDiagram-VXUJARFQ-jHWVhFqA.js    151.75 kB │ map:   593.79 kB
dist/assets/objective-cpp-CLxacb5B.js                   172.02 kB │ map:   218.52 kB
dist/assets/javascript-wDzz0qaB.js                      174.88 kB │ map:   236.05 kB
dist/assets/tsx-COt5Ahok.js                             175.58 kB │ map:   236.72 kB
dist/assets/jsx-g9-lgVsj.js                             177.83 kB │ map:   238.97 kB
dist/assets/typescript-BPQ3VLAy.js                      181.13 kB │ map:   244.39 kB
dist/assets/angular-ts-BwZT4LLn.js                      183.87 kB │ map:   249.30 kB
dist/assets/vue-vine-_Ih-lPRR.js                        190.27 kB │ map:   255.20 kB
dist/assets/wolfram-lXgVvXCa.js                         262.44 kB │ map:   279.64 kB
dist/assets/treemap-KMMF4GRG-DfEvHGLD.js                349.49 kB │ map: 1,366.82 kB
dist/assets/mermaid.core-v0mniV2G.js                    462.58 kB │ map: 1,602.03 kB
dist/assets/cytoscape.esm-CXplcVHr.js                   468.80 kB │ map: 1,886.13 kB
dist/assets/wasm-Bkfe0Ngf.js                            622.48 kB │ map:   622.90 kB
dist/assets/cpp-CofmeUqb.js                             626.12 kB │ map:   816.07 kB
dist/assets/react-vendor-BZsmEqKa.js                    731.84 kB │ map: 3,623.94 kB
dist/assets/emacs-lisp-C9XAeP06.js                      779.90 kB │ map:   789.80 kB
dist/assets/main-CtJHLXVr.js                          2,687.94 kB │ map: 8,122.17 kB

(!) Some chunks are larger than 2200 kB after minification. Consider:
- Using dynamic import() to code-split the application
- Use build.rollupOptions.output.manualChunks to improve chunking: https://rollupjs.org/configuration-options/#output-manualchunks
- Adjust chunk size limit for this warning via build.chunkSizeWarningLimit.
✓ built in 14.62s
