
[38;5;27m⠀⠀⠀⠀⠀⠀⠀⠀⢀⣐⣿⣿⢰⡀⠀⠀⠀[38;5;255m ⠀⠀⠀⠀⠀⠀⠀⠀⠀⠀⠀⠀⠀⠀⠀⠀⠀⠀⠀⠀⠀⠀⠀⠀⠀⠀⠀⠀⠀⠀⠀⠀⠀⠀⠀⠀[38;5;255m⠀⠀⠀⠀⠀⠀⠀⠀⠀⠀⠀⠀⠀⠀⠀⠀⠀⠀⠀[0m
[38;5;27m⠀⠀⠀⠀⠀⢀⣴⠤⠾⠛⠛⣿⣶⣇⠀⠀⡆[38;5;255m ⠀⠀⠀⠀⠀⠀⠀⠀⠀⠀⠀⠀⠀⠀⠀⠀⠀⠀⠀⠀⠀⠀⠀⠀⠀⠀⠀⠀⠀⠀⠀⠀⠀⠀⠀⠀[38;5;255m⠀⠀⠀⠀⠀⠀⠀⠀⠀⠀⠀⠀⠀⠀⠀⠀⠀⠀⠀[0m
[38;5;27m⢰⣋⡳⡄⠀⢨⣭⡀⠀⡤⠀⣀⣝⢿⣶⣿⡅[38;5;255m ⠀⠀⠀⠀⠀⠀⠀⠀⠀⠀⠀⠀⠀⠀⠀⠀⠀⠀⠀⠀⠀⠀⠀⠀⠀⠀⠀⠀⠀⠀⠀⠀⠀⠀⠀⠀[38;5;255m⠀⠀⠀⠀⠀⠀⠀⠀⠀⠀⠀⠀⠀⠀⠀⠀⠀⠀⠀[0m
[38;5;27m⢸⣯⠀⣇⠀⣼⣿⣿⣆⢷⣴⣿⣿⡏⣛⡉⠀[38;5;255m ⢸⣿⣿⣿⣿⣿⣿⢸⣿⣿⠀⠀⠀⠀⠀⣿⣿⡇⣿⣿⣿⣿⣿⣿⣿⡇⠀⠀⠀⣾⣿⣿⣧⠀⠀⠀[38;5;255m⢸⠟⢀⣴⣿⣿⣿⣿⣦⡀⣠⣾⣿⣿⣿⣿⣦⡙⢿[0m
[38;5;27m⠀⠙⢷⣮⢸⣿⣿⣿⣿⣷⣯⣟⣏⣼⣷⣅⠾[38;5;255m ⢸⣿⣇⣀⣀⣀⠀⢸⣿⣿⠀⠀⠀⠀⠀⣿⣿⡇⠀⠀⠀⣠⣿⣿⠟⠁⠀⠀⣼⣿⡟⣿⣿⣆⠀⠀[38;5;255m⠀⠀⣿⣿⠋⠀⠈⠻⣿⡇⣿⣿⣅⣀⣀⡛⠛⠃⠀[0m
[38;5;27m⠀⠀⠀⠁⢸⣿⣿⣿⣿⣿⣿⣿⣿⣿⣿⠋⠀[38;5;255m ⢸⣿⡿⠿⠿⠿⠀⢸⣿⣿⠀⠀⠀⠀⠀⣿⣿⡇⠀⣠⣾⣿⠟⠁⠀⠀⠀⣰⣿⣿⣁⣸⣿⣿⡄⠀[38;5;255m⠀⠀⣿⣿ ⠀⠀ ⣿⣿⢈⣛⠿⠿⠿⣿⣷⡄⠀[0m
[38;5;27m⠀⠀⠀⠀⠸⣿⣿⣿⣿⣿⣿⣿⣿⣉⡟⠀⠀[38;5;255m ⢸⣿⣧⣤⣤⣤⣤⢸⣿⣿⣦⣤⣤⣤⡄⣿⣿⡇⣾⣿⣿⣧⣤⣤⣤⡄⢰⣿⣿⠟⠛⠛⠻⣿⣿⡄[38;5;255m⢠⡀⠻⣿⣿⣦⣴⣿⣿⠇⢿⣿⣦⣤⣤⣿⣿⠇⣠[0m
[38;5;27m⠀⠀⠀⠀⢰⡈⠛⠿⣿⣿⣿⣿⣿⠋⠀  [38;5;255m ⠘⠛⠛⠛⠛⠛⠛⠈⠛⠛⠛⠛⠛⠛⠃⠛⠛⠃⠛⠛⠛⠛⠛⠛⠛⠃⠛⠛⠃⠀⠀⠀⠀⠙⠛⠃[38;5;255m⠘⠛⠀⠈⠛⠛⠛⠛⠁⠀⠀⠙⠛⠛⠛⠛⠁⠚⠛[0m
[38;5;27m⠀⠀⠀⠀⢸⣿⡦⠀⠀⠉⠛⠿⠃⠀⠀⠀ [38;5;255m ⠀⠀⠀⠀⠀⠀⠀⠀⠀⠀⠀⠀⠀⠀⠀⠀⠀⠀⠀⠀⠀⠀⠀⠀⠀⠀⠀⠀⠀⠀⠀⠀⠀⠀⠀⠀[38;5;255m⠀⠀⠀⠀⠀⠀⠀⠀⠀⠀⠀⠀⠀⠀⠀⠀⠀⠀⠀[0m

[38;5;51mVersion: 1.6.4[0m
[dotenv@17.2.3] injecting env (24) from ../../.env -- tip: ⚙️  suppress all logs with { quiet: true }
[?25l│
◒  Building project[999D[J◐  Building project[999D[J◓  Building project[999D[J◑  Building project[999D[J◒  Building project[999D[J◐  Building project[999D[J◓  Building project[999D[J◑  Building project[999D[J◒  Building project.[999D[J◐  Building project.[999D[J◓  Building project.[999D[J◑  Building project.[999D[J◒  Building project.[999D[J◐  Building project.[999D[J◓  Building project.[999D[J◑  Building project.[999D[J◒  Building project..[999D[J◐  Building project..[999D[J◓  Building project..[999D[J◑  Building project..[999D[J◒  Building project..[999D[J◐  Building project..[999D[J◓  Building project..[999D[J◑  Building project..[999D[J◒  Building project...[999D[J◐  Building project...[999D[J◓  Building project...[999D[J◑  Building project...[999D[J◒  Building project...[999D[J◐  Building project...[999D[J◓  Building project...[999D[J◑  Building project...[999D[J◒  Building project...[999D[J◐  Building project[999D[J◓  Building project[999D[J◑  Building project[999D[J◒  Building project[999D[J◐  Building project[999D[J◓  Building project[999D[J◑  Building project[999D[J◒  Building project[999D[J◐  Building project.[999D[J◓  Building project.[999D[J◑  Building project.[999D[J◒  Building project.[999D[J◐  Building project.[999D[J◓  Building project.[999D[J◑  Building project.[999D[J◒  Building project.[999D[J◐  Building project..[999D[J◓  Building project..[999D[J◑  Building project..[999D[J◒  Building project..[999D[J◐  Building project..[999D[J◓  Building project..[999D[J◇  [32m✓ Project built successfully[39m
[?25h Error      Character file not found: /Users/playra/vibee-eliza-999/packages/server/vibee.character.json
 Error      An error occurred: {
  error:  96 |         for (const charPath of options.character) {
 97 |           const resolvedPath = path.resolve(charPath);
 98 | 
 99 |           if (!fs.existsSync(resolvedPath)) {
100 |             logger.error(`Character file not found: ${resolvedPath}`);
101 |             throw new Error(`Character file not found: ${resolvedPath}`);
                        ^
error: Character file not found: /Users/playra/vibee-eliza-999/packages/server/vibee.character.json
      at <anonymous> (/Users/playra/.bun/install/global/node_modules/@elizaos/cli/src/commands/start/index.ts:101:19)
,
}
 Error      Error details: {
  message: "Character file not found: /Users/playra/vibee-eliza-999/packages/server/vibee.character.json",
}
 Error      Stack trace: {
  stack: "Error: Character file not found: /Users/playra/vibee-eliza-999/packages/server/vibee.character.json\n    at <anonymous> (/Users/playra/.bun/install/global/node_modules/@elizaos/cli/src/commands/start/index.ts:101:23)\n    at processTicksAndRejections (native:7:39)",
}
