⚠️ TELEGRAM_BOT_TOKEN not set. Telegram auth will not work!
⚠️ TELEGRAM_BOT_TOKEN not set. Telegram auth will not work!
 Info       [Sentry] Initialized successfully for monitoring

[38;5;27m⠀⠀⠀⠀⠀⠀⠀⠀⢀⣐⣿⣿⢰⡀⠀⠀⠀[38;5;255m ⠀⠀⠀⠀⠀⠀⠀⠀⠀⠀⠀⠀⠀⠀⠀⠀⠀⠀⠀⠀⠀⠀⠀⠀⠀⠀⠀⠀⠀⠀⠀⠀⠀⠀⠀⠀[38;5;255m⠀⠀⠀⠀⠀⠀⠀⠀⠀⠀⠀⠀⠀⠀⠀⠀⠀⠀⠀[0m
[38;5;27m⠀⠀⠀⠀⠀⢀⣴⠤⠾⠛⠛⣿⣶⣇⠀⠀⡆[38;5;255m ⠀⠀⠀⠀⠀⠀⠀⠀⠀⠀⠀⠀⠀⠀⠀⠀⠀⠀⠀⠀⠀⠀⠀⠀⠀⠀⠀⠀⠀⠀⠀⠀⠀⠀⠀⠀[38;5;255m⠀⠀⠀⠀⠀⠀⠀⠀⠀⠀⠀⠀⠀⠀⠀⠀⠀⠀⠀[0m
[38;5;27m⢰⣋⡳⡄⠀⢨⣭⡀⠀⡤⠀⣀⣝⢿⣶⣿⡅[38;5;255m ⠀⠀⠀⠀⠀⠀⠀⠀⠀⠀⠀⠀⠀⠀⠀⠀⠀⠀⠀⠀⠀⠀⠀⠀⠀⠀⠀⠀⠀⠀⠀⠀⠀⠀⠀⠀[38;5;255m⠀⠀⠀⠀⠀⠀⠀⠀⠀⠀⠀⠀⠀⠀⠀⠀⠀⠀⠀[0m
[38;5;27m⢸⣯⠀⣇⠀⣼⣿⣿⣆⢷⣴⣿⣿⡏⣛⡉⠀[38;5;255m ⢸⣿⣿⣿⣿⣿⣿⢸⣿⣿⠀⠀⠀⠀⠀⣿⣿⡇⣿⣿⣿⣿⣿⣿⣿⡇⠀⠀⠀⣾⣿⣿⣧⠀⠀⠀[38;5;255m⢸⠟⢀⣴⣿⣿⣿⣿⣦⡀⣠⣾⣿⣿⣿⣿⣦⡙⢿[0m
[38;5;27m⠀⠙⢷⣮⢸⣿⣿⣿⣿⣷⣯⣟⣏⣼⣷⣅⠾[38;5;255m ⢸⣿⣇⣀⣀⣀⠀⢸⣿⣿⠀⠀⠀⠀⠀⣿⣿⡇⠀⠀⠀⣠⣿⣿⠟⠁⠀⠀⣼⣿⡟⣿⣿⣆⠀⠀[38;5;255m⠀⠀⣿⣿⠋⠀⠈⠻⣿⡇⣿⣿⣅⣀⣀⡛⠛⠃⠀[0m
[38;5;27m⠀⠀⠀⠁⢸⣿⣿⣿⣿⣿⣿⣿⣿⣿⣿⠋⠀[38;5;255m ⢸⣿⡿⠿⠿⠿⠀⢸⣿⣿⠀⠀⠀⠀⠀⣿⣿⡇⠀⣠⣾⣿⠟⠁⠀⠀⠀⣰⣿⣿⣁⣸⣿⣿⡄⠀[38;5;255m⠀⠀⣿⣿ ⠀⠀ ⣿⣿⢈⣛⠿⠿⠿⣿⣷⡄⠀[0m
[38;5;27m⠀⠀⠀⠀⠸⣿⣿⣿⣿⣿⣿⣿⣿⣉⡟⠀⠀[38;5;255m ⢸⣿⣧⣤⣤⣤⣤⢸⣿⣿⣦⣤⣤⣤⡄⣿⣿⡇⣾⣿⣿⣧⣤⣤⣤⡄⢰⣿⣿⠟⠛⠛⠻⣿⣿⡄[38;5;255m⢠⡀⠻⣿⣿⣦⣴⣿⣿⠇⢿⣿⣦⣤⣤⣿⣿⠇⣠[0m
[38;5;27m⠀⠀⠀⠀⢰⡈⠛⠿⣿⣿⣿⣿⣿⠋⠀  [38;5;255m ⠘⠛⠛⠛⠛⠛⠛⠈⠛⠛⠛⠛⠛⠛⠃⠛⠛⠃⠛⠛⠛⠛⠛⠛⠛⠃⠛⠛⠃⠀⠀⠀⠀⠙⠛⠃[38;5;255m⠘⠛⠀⠈⠛⠛⠛⠛⠁⠀⠀⠙⠛⠛⠛⠛⠁⠚⠛[0m
[38;5;27m⠀⠀⠀⠀⢸⣿⡦⠀⠀⠉⠛⠿⠃⠀⠀⠀ [38;5;255m ⠀⠀⠀⠀⠀⠀⠀⠀⠀⠀⠀⠀⠀⠀⠀⠀⠀⠀⠀⠀⠀⠀⠀⠀⠀⠀⠀⠀⠀⠀⠀⠀⠀⠀⠀⠀[38;5;255m⠀⠀⠀⠀⠀⠀⠀⠀⠀⠀⠀⠀⠀⠀⠀⠀⠀⠀⠀[0m

[38;5;51mVersion: monorepo[0m
[dotenv@17.2.3] injecting env (25) from ../../.env -- tip: 🔐 prevent building .env in docker: https://dotenvx.com/prebuild
[?25l│
◒  Building project[999D[J◐  Building project[999D[J◓  Building project[999D[J◑  Building project[999D[J◒  Building project[999D[J◐  Building project[999D[J◓  Building project[999D[J◑  Building project[999D[J◒  Building project.[999D[J◐  Building project.[999D[J◓  Building project.[999D[J◑  Building project.[999D[J◒  Building project.[999D[J◐  Building project.[999D[J◓  Building project.[999D[J◑  Building project.[999D[J◒  Building project..[999D[J◐  Building project..[999D[J◓  Building project..[999D[J◑  Building project..[999D[J◒  Building project..[999D[J◐  Building project..[999D[J◓  Building project..[999D[J◑  Building project..[999D[J◒  Building project...[999D[J◐  Building project...[999D[J◓  Building project...[999D[J◑  Building project...[999D[J◒  Building project...[999D[J◐  Building project...[999D[J◓  Building project...[999D[J◑  Building project...[999D[J◒  Building project...[999D[J◐  Building project[999D[J◓  Building project[999D[J◑  Building project[999D[J◒  Building project[999D[J◐  Building project[999D[J◓  Building project[999D[J◑  Building project[999D[J◒  Building project[999D[J◐  Building project.[999D[J◓  Building project.[999D[J◑  Building project.[999D[J◒  Building project.[999D[J◐  Building project.[999D[J◓  Building project.[999D[J◑  Building project.[999D[J◒  Building project.[999D[J◐  Building project..[999D[J◓  Building project..[999D[J◑  Building project..[999D[J◒  Building project..[999D[J◐  Building project..[999D[J◓  Building project..[999D[J◑  Building project..[999D[J◒  Building project..[999D[J◐  Building project...[999D[J◓  Building project...[999D[J◑  Building project...[999D[J◒  Building project...[999D[J◐  Building project...[999D[J◓  Building project...[999D[J◑  Building project...[999D[J◒  Building project...[999D[J◐  Building project...[999D[J◓  Building project[999D[J◑  Building project[999D[J◒  Building project[999D[J◐  Building project[999D[J◓  Building project[999D[J◑  Building project[999D[J◒  Building project[999D[J◐  Building project[999D[J◓  Building project.[999D[J◑  Building project.[999D[J◒  Building project.[999D[J◐  Building project.[999D[J◓  Building project.[999D[J◑  Building project.[999D[J◒  Building project.[999D[J◇  [32m✓ Project built successfully[39m
[?25h Error      Character file not found: /Users/playra/vibee-eliza-999/packages/vibee.character.json
 Error      An error occurred: {
  error:  95 |         for (const charPath of options.character) {
 96 |           const resolvedPath = path.resolve(charPath);
 97 | 
 98 |           if (!fs.existsSync(resolvedPath)) {
 99 |             logger.error(`Character file not found: ${resolvedPath}`);
100 |             throw new Error(`Character file not found: ${resolvedPath}`);
                        ^
error: Character file not found: /Users/playra/vibee-eliza-999/packages/vibee.character.json
      at <anonymous> (/Users/playra/vibee-eliza-999/packages/cli/src/commands/start/index.ts:100:19)
,
}
 Error      Error details: {
  message: "Character file not found: /Users/playra/vibee-eliza-999/packages/vibee.character.json",
}
 Error      Stack trace: {
  stack: "Error: Character file not found: /Users/playra/vibee-eliza-999/packages/vibee.character.json\n    at <anonymous> (/Users/playra/vibee-eliza-999/packages/cli/src/commands/start/index.ts:100:23)\n    at processTicksAndRejections (native:7:39)",
}
